2018年 10月 16日 星期二 10:30:31 CST
Delete student	0010	(asd)

2018年 10月 16日 星期二 10:30:35 CST
Delete student	0100	(asd)

2018年 10月 16日 星期二 10:30:43 CST
Insert student	0111	(fghd)

2018年 10月 16日 星期二 10:31:09 CST
Change student	0111	(fghd)

2018年 10月 16日 星期二 10:31:16 CST
Change student	0111	(fghd)

2018年 10月 16日 星期二 10:31:33 CST
Insert Class	005	(asd)

2018年 10月 16日 星期二 10:31:48 CST
Change Class	006	(as)

2018年 10月 16日 星期二 10:32:04 CST
Change Class	001	(Math1)

2018年 10月 16日 星期二 10:32:11 CST
Change Class	001	(Math)

2018年 10月 16日 星期二 10:32:27 CST
Change Class	001	(Math)

2018年 10月 16日 星期二 10:32:33 CST
Change Class	003	(Chinese)

2018年 10月 16日 星期二 10:32:42 CST
Change Class	003	(Chinese)

2018年 10月 16日 星期二 10:32:49 CST
Change Class	002	(English)

2018年 10月 16日 星期二 16:18:29 CST
Delete student	0111	(fghd)

2018年 10月 16日 星期二 16:18:52 CST
Insert student	asd	(asd)

2018年 10月 16日 星期二 16:18:58 CST
Delete student	asd	(asd)

